2021-09-17 09:49:20-log: [Package] menu@1.0.0 enable
2021-09-17 09:49:20-log: [Package] profile@1.0.0 enable
2021-09-17 09:49:20-log: [Package] messages@1.0.0 enable
2021-09-17 09:49:20-log: [Package] program@1.0.0 enable
2021-09-17 09:49:20-log: [Package] device@1.0.1 enable
2021-09-17 09:49:20-log: [Package] ui-kit@1.0.1 enable
2021-09-17 09:49:20-log: [Package] tester@1.0.0 enable
2021-09-17 09:49:20-log: [Package] preferences@1.0.0 enable
2021-09-17 09:49:20-log: Setup mods mgr.: 351.794ms
2021-09-17 09:49:20-log: [Package] engine@1.0.5 enable
2021-09-17 09:49:25-log: [Package] programming@1.0.0 enable
2021-09-17 09:49:25-log: [Package] asset-db@1.0.0 enable
2021-09-17 09:49:25-log: [Package] console@1.0.0 enable
2021-09-17 09:49:25-log: [Package] scene@1.0.0 enable
2021-09-17 09:49:25-log: [Package] project@1.0.1 enable
2021-09-17 09:49:25-log: [Package] about@1.0.0 enable
2021-09-17 09:49:25-log: [Package] server@1.0.0 enable
2021-09-17 09:49:25-log: [Package] utils@1.0.0 enable
2021-09-17 09:49:25-log: [Package] assets@1.0.0 enable
2021-09-17 09:49:25-log: [Package] inspector@1.0.0 enable
2021-09-17 09:49:26-log: [Package] hierarchy@1.0.0 enable
2021-09-17 09:49:29-log: [Package] builder@1.2.8 enable
2021-09-17 09:49:29-log: [Package] node-library@1.0.0 enable
2021-09-17 09:49:29-log: [Package] shortcuts@1.0.1 enable
2021-09-17 09:49:29-log: [Package] importer@1.0.0 enable
2021-09-17 09:49:29-log: [Package] package-asset@1.0.0 enable
2021-09-17 09:49:29-log: [Package] reference-image@1.0.0 enable
2021-09-17 09:49:29-log: [Package] channel-upload-tools@1.0.0 enable
2021-09-17 09:49:29-log: [Package] runtime-dev-tools@1.0.0 enable
2021-09-17 09:49:29-log: [Package] alipay-mini-game@1.0.0 enable
2021-09-17 09:49:29-log: [Package] android@1.0.0 enable
2021-09-17 09:49:29-log: [Package] baidu-mini-game@1.0.0 enable
2021-09-17 09:49:29-log: [Package] bytedance-mini-game@1.0.0 enable
2021-09-17 09:49:29-log: [Package] huawei-agc@1.0.0 enable
2021-09-17 09:49:29-warn: ios:Developer team information not found
2021-09-17 09:49:29-warn: Command failed: xcrun security find-identity -v -p codesigning
xcrun: error: active developer path ("/Applications/Xcode 10.2.app/Contents/Developer") does not exist
Use `sudo xcode-select --switch path/to/Xcode.app` to specify the Xcode that you wish to use for command line developer tools, or use `xcode-select --install` to install the standalone command line developer tools.
See `man xcode-select` for more details.

2021-09-17 09:49:29-log: [Package] ios@1.0.0 enable
2021-09-17 09:49:29-log: [Package] ios-app-clip@1.0.0 enable
2021-09-17 09:49:29-log: [Package] mac@1.0.0 enable
2021-09-17 09:49:29-log: [Package] native@1.0.0 enable
2021-09-17 09:49:29-log: [Package] ohos@1.0.0 enable
2021-09-17 09:49:29-log: [Package] web-desktop@1.0.0 enable
2021-09-17 09:49:29-log: [Package] web-mobile@1.0.0 enable
2021-09-17 09:49:29-log: [Package] wechatgame@1.0.0 enable
2021-09-17 09:49:29-log: [Package] windows@1.0.0 enable
2021-09-17 09:49:30-log: [Package] xiaomi-quick-game@1.0.0 enable
2021-09-17 09:49:30-log: [Package] cocos-play@1.0.0 enable
2021-09-17 09:49:30-log: [Package] huawei-quick-game@1.0.0 enable
2021-09-17 09:49:30-log: [Package] link-sure@1.0.0 enable
2021-09-17 09:49:30-log: [Package] oppo-mini-game@1.0.0 enable
2021-09-17 09:49:30-log: [Package] qtt@1.0.0 enable
2021-09-17 09:49:30-log: [Package] vivo-mini-game@1.0.0 enable
2021-09-17 09:49:30-log: [Package] cocos-service@3.0.1 enable
2021-09-17 09:49:31-log: [Package] extension@3.0.8 enable
2021-09-17 09:49:31-log: [Package] im-plugin@3.0.6 enable
2021-09-17 09:49:31-log: [Package] lightmap@1.0.3 enable
2021-09-17 09:49:35-warn: [Scene] Sender does not exist: 1489
2021-09-17 09:49:37-log: [Scene] begin init
2021-09-17 09:49:37-log: [Scene] require engine end
2021-09-17 09:49:37-log: [Scene] Serialize end
2021-09-17 09:49:37-log: [Scene] configureStartup end
2021-09-17 09:49:37-info: [Scene] WebGL2 device initialized.
2021-09-17 09:49:37-log: [Scene] Cocos Creator v3.3.0
2021-09-17 09:49:37-info: [Scene] Forward render pipeline initialized.
2021-09-17 09:49:37-log: [Scene] openEngine end
2021-09-17 09:49:37-log: [Scene] configureEngine end
2021-09-17 09:49:45-log: [Scene] cocos2d: TMXFormat: Unsupported TMX version: 1.5
2021-09-17 10:00:47-log: [Scene] cocos2d: TMXFormat: Unsupported TMX version: 1.5
2021-09-17 10:02:55-log: [Scene] cocos2d: TMXFormat: Unsupported TMX version: 1.5
2021-09-17 10:02:56-warn: [Scene] Bg<Chan> dice should be an array, but now it is  null
2021-09-17 10:02:56-error: [Window] Cannot read property 'length' of null
2021-09-17 10:02:59-warn: [Scene] Bg<Chan> dice should be an array, but now it is  null
2021-09-17 10:02:59-error: [Window] Cannot read property 'length' of null
2021-09-17 10:03:04-warn: [Scene] Bg<Chan> dice should be an array, but now it is  null
2021-09-17 10:03:32-log: [Scene] cocos2d: TMXFormat: Unsupported TMX version: 1.5
2021-09-17 10:03:32-warn: [Scene] Bg<Chan> dice should be an array, but now it is  null
2021-09-17 10:03:32-error: [Window] Cannot read property 'length' of null
2021-09-17 10:03:48-log: [Scene] cocos2d: TMXFormat: Unsupported TMX version: 1.5
2021-09-17 10:03:49-warn: [Scene] Bg<Chan> dice should be an array, but now it is  null
2021-09-17 10:03:49-error: [Window] Cannot read property 'length' of null
2021-09-17 10:03:54-warn: [Scene] Bg<Chan> dice should be an array, but now it is  null
2021-09-17 10:03:54-error: [Window] Cannot read property 'length' of null
2021-09-17 10:04:02-warn: [Scene] Bg<Chan> dice should be an array, but now it is  null
2021-09-17 10:04:03-log: [Scene] Cannot read property 'replace' of undefined
2021-09-17 10:04:03-error: Message response error: Cannot read property 'replace' of undefined
2021-09-17 10:04:05-log: [Scene] Cannot read property 'replace' of undefined
2021-09-17 10:04:05-error: Message response error: Cannot read property 'replace' of undefined
2021-09-17 10:04:37-log: [Scene] cocos2d: TMXFormat: Unsupported TMX version: 1.5
2021-09-17 10:04:37-warn: [Scene] Bg<Chan> dice should be an array, but now it is  null
2021-09-17 10:04:37-error: [Window] Cannot read property 'length' of null
2021-09-17 10:04:57-log: [Scene] Cannot read property 'replace' of undefined
2021-09-17 10:04:57-error: Message response error: Cannot read property 'replace' of undefined
2021-09-17 10:04:59-log: [Scene] Cannot read property 'replace' of undefined
2021-09-17 10:04:59-error: Message response error: Cannot read property 'replace' of undefined
2021-09-17 10:05:02-log: [Scene] Cannot read property 'replace' of undefined
2021-09-17 10:05:02-error: Message response error: Cannot read property 'replace' of undefined
2021-09-17 10:05:05-log: [Scene] Cannot read property 'replace' of undefined
2021-09-17 10:05:05-error: Message response error: Cannot read property 'replace' of undefined
2021-09-17 10:05:08-log: [Scene] Cannot read property 'replace' of undefined
2021-09-17 10:05:08-error: Message response error: Cannot read property 'replace' of undefined
2021-09-17 10:05:10-log: [Scene] Cannot read property 'replace' of undefined
2021-09-17 10:05:10-error: Message response error: Cannot read property 'replace' of undefined
2021-09-17 10:06:14-log: [Scene] cocos2d: TMXFormat: Unsupported TMX version: 1.5
2021-09-17 10:06:14-warn: [Scene] Bg<Chan> dice should be an array, but now it is  null
2021-09-17 10:06:31-log: [Scene] cocos2d: TMXFormat: Unsupported TMX version: 1.5
2021-09-17 10:06:58-log: [Scene] cocos2d: TMXFormat: Unsupported TMX version: 1.5
2021-09-17 10:16:01-log: [Scene] cocos2d: TMXFormat: Unsupported TMX version: 1.5
2021-09-17 10:17:35-log: [Scene] cocos2d: TMXFormat: Unsupported TMX version: 1.5
2021-09-17 10:18:23-log: [Scene] cocos2d: TMXFormat: Unsupported TMX version: 1.5
2021-09-17 10:19:48-log: [Scene] cocos2d: TMXFormat: Unsupported TMX version: 1.5
2021-09-17 10:20:23-log: [Scene] cocos2d: TMXFormat: Unsupported TMX version: 1.5
2021-09-17 10:21:56-log: [Scene] cocos2d: TMXFormat: Unsupported TMX version: 1.5
2021-09-17 10:23:35-log: [Scene] cocos2d: TMXFormat: Unsupported TMX version: 1.5
2021-09-17 10:24:23-log: [Scene] cocos2d: TMXFormat: Unsupported TMX version: 1.5
2021-09-17 10:25:13-log: [Scene] cocos2d: TMXFormat: Unsupported TMX version: 1.5
2021-09-17 10:28:30-log: [Scene] cocos2d: TMXFormat: Unsupported TMX version: 1.5
2021-09-17 10:28:34-error: [preview-error]Uncaught TypeError: Cannot read properties of undefined (reading 'log') in http://localhost:7456/scripting/x/mods/fs/0/assets/Typescript/chan.js
2021-09-17 10:28:44-error: [preview-error]Uncaught TypeError: Cannot read properties of undefined (reading 'log') in http://localhost:7456/scripting/x/mods/fs/0/assets/Typescript/chan.js
2021-09-17 10:29:22-log: [Scene] cocos2d: TMXFormat: Unsupported TMX version: 1.5
2021-09-17 10:30:20-log: [Scene] cocos2d: TMXFormat: Unsupported TMX version: 1.5
2021-09-17 10:32:17-log: [Scene] cocos2d: TMXFormat: Unsupported TMX version: 1.5
2021-09-17 10:32:23-error: [preview-error]Uncaught TypeError: Cannot read properties of undefined (reading 'getComponent') in http://localhost:7456/scripting/x/mods/fs/0/assets/Typescript/chan.js
2021-09-17 10:33:49-log: [Scene] cocos2d: TMXFormat: Unsupported TMX version: 1.5
2021-09-17 10:34:40-log: [Scene] cocos2d: TMXFormat: Unsupported TMX version: 1.5
2021-09-17 10:35:11-log: [Scene] cocos2d: TMXFormat: Unsupported TMX version: 1.5
2021-09-17 10:35:34-log: [Scene] cocos2d: TMXFormat: Unsupported TMX version: 1.5
2021-09-17 10:36:42-log: [Scene] cocos2d: TMXFormat: Unsupported TMX version: 1.5
2021-09-17 10:38:00-log: [Scene] cocos2d: TMXFormat: Unsupported TMX version: 1.5
2021-09-17 10:42:48-log: [Scene] cocos2d: TMXFormat: Unsupported TMX version: 1.5
2021-09-17 10:44:34-log: [Scene] cocos2d: TMXFormat: Unsupported TMX version: 1.5
2021-09-17 10:46:23-log: [Scene] cocos2d: TMXFormat: Unsupported TMX version: 1.5
2021-09-17 10:48:05-log: [Scene] cocos2d: TMXFormat: Unsupported TMX version: 1.5
2021-09-17 10:48:54-log: [Scene] cocos2d: TMXFormat: Unsupported TMX version: 1.5
2021-09-17 10:50:14-log: [Scene] cocos2d: TMXFormat: Unsupported TMX version: 1.5
2021-09-17 10:50:45-log: [Scene] cocos2d: TMXFormat: Unsupported TMX version: 1.5
2021-09-17 10:59:46-log: [Scene] cocos2d: TMXFormat: Unsupported TMX version: 1.5
2021-09-17 11:00:13-log: [Scene] cocos2d: TMXFormat: Unsupported TMX version: 1.5
2021-09-17 11:00:28-log: [Scene] cocos2d: TMXFormat: Unsupported TMX version: 1.5
2021-09-17 11:00:33-log: [Scene] cocos2d: TMXFormat: Unsupported TMX version: 1.5
2021-09-17 11:05:44-log: [Scene] cocos2d: TMXFormat: Unsupported TMX version: 1.5
2021-09-17 11:06:39-log: [Scene] cocos2d: TMXFormat: Unsupported TMX version: 1.5
2021-09-17 11:07:50-log: [Scene] cocos2d: TMXFormat: Unsupported TMX version: 1.5
2021-09-17 11:08:34-log: [Scene] cocos2d: TMXFormat: Unsupported TMX version: 1.5
2021-09-17 11:09:08-log: [Scene] cocos2d: TMXFormat: Unsupported TMX version: 1.5
2021-09-17 11:21:41-log: [Scene] cocos2d: TMXFormat: Unsupported TMX version: 1.5
2021-09-17 11:21:59-log: [Scene] cocos2d: TMXFormat: Unsupported TMX version: 1.5
2021-09-17 11:22:56-log: [Scene] cocos2d: TMXFormat: Unsupported TMX version: 1.5
2021-09-17 11:41:53-error: [Scene] The Asset used by component "cc.Animation" is missing. Detailed information:
Missing uuid: "fbcd478a-03a1-45d6-b295-dd3323d2b4e7"

2021-09-17 11:41:53-error: [Scene] The Asset used by component "cc.Animation" is missing. Detailed information:
Missing uuid: "fbcd478a-03a1-45d6-b295-dd3323d2b4e7"

2021-09-17 11:41:53-log: [Scene] cocos2d: TMXFormat: Unsupported TMX version: 1.5
2021-09-17 11:41:53-error: [Scene] asset can't be load:fbcd478a-03a1-45d6-b295-dd3323d2b4e7
2021-09-17 11:41:53-error: [Scene] asset can't be load:fbcd478a-03a1-45d6-b295-dd3323d2b4e7
2021-09-17 11:41:53-error: [Scene] asset can't be load:fbcd478a-03a1-45d6-b295-dd3323d2b4e7
2021-09-17 11:41:53-log: [Scene] don't support this function in current mode general setCurEditTime
2021-09-17 11:41:53-error: [Scene] asset can't be load:fbcd478a-03a1-45d6-b295-dd3323d2b4e7
2021-09-17 11:43:07-error: [Scene] The Asset used by component "cc.Animation" is missing. Detailed information:
Missing uuid: "fbcd478a-03a1-45d6-b295-dd3323d2b4e7"

2021-09-17 11:43:07-error: [Scene] The Asset used by component "cc.Animation" is missing. Detailed information:
Missing uuid: "fbcd478a-03a1-45d6-b295-dd3323d2b4e7"

2021-09-17 11:43:07-log: [Scene] cocos2d: TMXFormat: Unsupported TMX version: 1.5
2021-09-17 11:43:50-error: Failed to load module file:///Users/chandankrishnani/CocosPractice/Snake_Ladder/assets/Typescript/chan.ts: SyntaxError: unknown: Unexpected token (70:33)

  68 |          this.player1_rand=Math.random()*6;
  69 |          this.player1_rand=Math.floor(this.player1_rand);
> 70 |          tween(this.player1_dice.)
     |                                  ^
  71 |          .delay(0.1)
  72 |          .call(()=>{ 
  73 |            console.log("hello we are");.
2021-09-17 11:43:51-error: Failed to load module file:///Users/chandankrishnani/CocosPractice/Snake_Ladder/assets/Typescript/chan.ts: SyntaxError: unknown: Unexpected token (70:33)

  68 |          this.player1_rand=Math.random()*6;
  69 |          this.player1_rand=Math.floor(this.player1_rand);
> 70 |          tween(this.player1_dice.)
     |                                  ^
  71 |          .delay(0.1)
  72 |          .call(()=>{ 
  73 |            console.log("hello we are");.
2021-09-17 11:43:51-warn: [Scene] Missing class: 468080QwwVFfav43bjlXf9s
2021-09-17 11:43:51-error: [Scene] Script "468080QwwVFfav43bjlXf9s" attached to "Bg" is missing or invalid. Detailed information:
Script UUID: "46808d10-c305-457d-abf8-ddb8e55dff6c"
Class ID: "468080QwwVFfav43bjlXf9s"

2021-09-17 11:43:51-error: [Scene] Script "468080QwwVFfav43bjlXf9s" attached to "Bg" is missing or invalid. Detailed information:
Script UUID: "46808d10-c305-457d-abf8-ddb8e55dff6c"
Class ID: "468080QwwVFfav43bjlXf9s"

2021-09-17 11:43:51-error: [Scene] The Asset used by component "cc.Animation" is missing. Detailed information:
Missing uuid: "fbcd478a-03a1-45d6-b295-dd3323d2b4e7"

2021-09-17 11:43:51-error: [Scene] The Asset used by component "cc.Animation" is missing. Detailed information:
Missing uuid: "fbcd478a-03a1-45d6-b295-dd3323d2b4e7"

2021-09-17 11:43:51-log: [Scene] cocos2d: TMXFormat: Unsupported TMX version: 1.5
2021-09-17 11:44:33-error: [Scene] The Asset used by component "cc.Animation" is missing. Detailed information:
Missing uuid: "fbcd478a-03a1-45d6-b295-dd3323d2b4e7"

2021-09-17 11:44:33-error: [Scene] The Asset used by component "cc.Animation" is missing. Detailed information:
Missing uuid: "fbcd478a-03a1-45d6-b295-dd3323d2b4e7"

2021-09-17 11:44:33-log: [Scene] cocos2d: TMXFormat: Unsupported TMX version: 1.5
2021-09-17 11:48:47-error: [Scene] The Asset used by component "cc.Animation" is missing. Detailed information:
Missing uuid: "fbcd478a-03a1-45d6-b295-dd3323d2b4e7"

2021-09-17 11:48:47-error: [Scene] The Asset used by component "cc.Animation" is missing. Detailed information:
Missing uuid: "fbcd478a-03a1-45d6-b295-dd3323d2b4e7"

2021-09-17 11:48:47-log: [Scene] cocos2d: TMXFormat: Unsupported TMX version: 1.5
2021-09-17 11:58:21-error: [Scene] The Asset used by component "cc.Animation" is missing. Detailed information:
Missing uuid: "fbcd478a-03a1-45d6-b295-dd3323d2b4e7"

2021-09-17 11:58:21-error: [Scene] The Asset used by component "cc.Animation" is missing. Detailed information:
Missing uuid: "fbcd478a-03a1-45d6-b295-dd3323d2b4e7"

2021-09-17 11:58:21-log: [Scene] cocos2d: TMXFormat: Unsupported TMX version: 1.5
2021-09-17 12:05:36-error: [Scene] The Asset used by component "cc.Animation" is missing. Detailed information:
Missing uuid: "fbcd478a-03a1-45d6-b295-dd3323d2b4e7"

2021-09-17 12:05:36-error: [Scene] The Asset used by component "cc.Animation" is missing. Detailed information:
Missing uuid: "fbcd478a-03a1-45d6-b295-dd3323d2b4e7"

2021-09-17 12:05:36-log: [Scene] cocos2d: TMXFormat: Unsupported TMX version: 1.5
2021-09-17 12:06:31-error: [Scene] The Asset used by component "cc.Animation" is missing. Detailed information:
Missing uuid: "fbcd478a-03a1-45d6-b295-dd3323d2b4e7"

2021-09-17 12:06:31-error: [Scene] The Asset used by component "cc.Animation" is missing. Detailed information:
Missing uuid: "fbcd478a-03a1-45d6-b295-dd3323d2b4e7"

2021-09-17 12:06:31-log: [Scene] cocos2d: TMXFormat: Unsupported TMX version: 1.5
2021-09-17 12:17:53-error: [Scene] The Asset used by component "cc.Animation" is missing. Detailed information:
Missing uuid: "fbcd478a-03a1-45d6-b295-dd3323d2b4e7"

2021-09-17 12:17:53-error: [Scene] The Asset used by component "cc.Animation" is missing. Detailed information:
Missing uuid: "fbcd478a-03a1-45d6-b295-dd3323d2b4e7"

2021-09-17 12:17:53-log: [Scene] cocos2d: TMXFormat: Unsupported TMX version: 1.5
2021-09-17 12:19:22-error: [Scene] The Asset used by component "cc.Animation" is missing. Detailed information:
Missing uuid: "fbcd478a-03a1-45d6-b295-dd3323d2b4e7"

2021-09-17 12:19:22-error: [Scene] The Asset used by component "cc.Animation" is missing. Detailed information:
Missing uuid: "fbcd478a-03a1-45d6-b295-dd3323d2b4e7"

2021-09-17 12:19:22-log: [Scene] cocos2d: TMXFormat: Unsupported TMX version: 1.5
2021-09-17 12:44:56-error: [Scene] The Asset used by component "cc.Animation" is missing. Detailed information:
Missing uuid: "fbcd478a-03a1-45d6-b295-dd3323d2b4e7"

2021-09-17 12:44:56-error: [Scene] The Asset used by component "cc.Animation" is missing. Detailed information:
Missing uuid: "fbcd478a-03a1-45d6-b295-dd3323d2b4e7"

2021-09-17 12:44:56-log: [Scene] cocos2d: TMXFormat: Unsupported TMX version: 1.5
2021-09-17 12:47:50-error: [Scene] The Asset used by component "cc.Animation" is missing. Detailed information:
Missing uuid: "fbcd478a-03a1-45d6-b295-dd3323d2b4e7"

2021-09-17 12:47:50-error: [Scene] The Asset used by component "cc.Animation" is missing. Detailed information:
Missing uuid: "fbcd478a-03a1-45d6-b295-dd3323d2b4e7"

2021-09-17 12:47:50-log: [Scene] cocos2d: TMXFormat: Unsupported TMX version: 1.5
2021-09-17 12:52:00-error: [Scene] The Asset used by component "cc.Animation" is missing. Detailed information:
Missing uuid: "fbcd478a-03a1-45d6-b295-dd3323d2b4e7"

2021-09-17 12:52:00-error: [Scene] The Asset used by component "cc.Animation" is missing. Detailed information:
Missing uuid: "fbcd478a-03a1-45d6-b295-dd3323d2b4e7"

2021-09-17 12:52:00-log: [Scene] cocos2d: TMXFormat: Unsupported TMX version: 1.5
2021-09-17 12:54:46-error: [preview-error]Uncaught Error: TiledLayer.getTiledTileAt: invalid position in http://localhost:7456/scripting/engine/bin/.cache/dev/preview/bundled/index.js
2021-09-17 13:00:32-error: [Scene] The Asset used by component "cc.Animation" is missing. Detailed information:
Missing uuid: "fbcd478a-03a1-45d6-b295-dd3323d2b4e7"

2021-09-17 13:00:32-error: [Scene] The Asset used by component "cc.Animation" is missing. Detailed information:
Missing uuid: "fbcd478a-03a1-45d6-b295-dd3323d2b4e7"

2021-09-17 13:00:32-log: [Scene] cocos2d: TMXFormat: Unsupported TMX version: 1.5
2021-09-17 13:01:57-error: [Scene] The Asset used by component "cc.Animation" is missing. Detailed information:
Missing uuid: "fbcd478a-03a1-45d6-b295-dd3323d2b4e7"

2021-09-17 13:01:57-error: [Scene] The Asset used by component "cc.Animation" is missing. Detailed information:
Missing uuid: "fbcd478a-03a1-45d6-b295-dd3323d2b4e7"

2021-09-17 13:01:57-log: [Scene] cocos2d: TMXFormat: Unsupported TMX version: 1.5
2021-09-17 13:02:51-error: [Scene] The Asset used by component "cc.Animation" is missing. Detailed information:
Missing uuid: "fbcd478a-03a1-45d6-b295-dd3323d2b4e7"

2021-09-17 13:02:51-error: [Scene] The Asset used by component "cc.Animation" is missing. Detailed information:
Missing uuid: "fbcd478a-03a1-45d6-b295-dd3323d2b4e7"

2021-09-17 13:02:51-log: [Scene] cocos2d: TMXFormat: Unsupported TMX version: 1.5
2021-09-17 13:03:29-error: [Scene] The Asset used by component "cc.Animation" is missing. Detailed information:
Missing uuid: "fbcd478a-03a1-45d6-b295-dd3323d2b4e7"

2021-09-17 13:03:29-error: [Scene] The Asset used by component "cc.Animation" is missing. Detailed information:
Missing uuid: "fbcd478a-03a1-45d6-b295-dd3323d2b4e7"

2021-09-17 13:03:29-log: [Scene] cocos2d: TMXFormat: Unsupported TMX version: 1.5
2021-09-17 13:04:23-error: [Scene] The Asset used by component "cc.Animation" is missing. Detailed information:
Missing uuid: "fbcd478a-03a1-45d6-b295-dd3323d2b4e7"

2021-09-17 13:04:23-error: [Scene] The Asset used by component "cc.Animation" is missing. Detailed information:
Missing uuid: "fbcd478a-03a1-45d6-b295-dd3323d2b4e7"

2021-09-17 13:04:23-log: [Scene] cocos2d: TMXFormat: Unsupported TMX version: 1.5
2021-09-17 13:07:49-error: [Scene] The Asset used by component "cc.Animation" is missing. Detailed information:
Missing uuid: "fbcd478a-03a1-45d6-b295-dd3323d2b4e7"

2021-09-17 13:07:49-error: [Scene] The Asset used by component "cc.Animation" is missing. Detailed information:
Missing uuid: "fbcd478a-03a1-45d6-b295-dd3323d2b4e7"

2021-09-17 13:07:49-log: [Scene] cocos2d: TMXFormat: Unsupported TMX version: 1.5
2021-09-17 13:08:00-error: [preview-error]Uncaught Error: TiledLayer.getTiledTileAt: invalid position in http://localhost:7456/scripting/engine/bin/.cache/dev/preview/bundled/index.js
2021-09-17 13:09:03-error: [Scene] The Asset used by component "cc.Animation" is missing. Detailed information:
Missing uuid: "fbcd478a-03a1-45d6-b295-dd3323d2b4e7"

2021-09-17 13:09:03-error: [Scene] The Asset used by component "cc.Animation" is missing. Detailed information:
Missing uuid: "fbcd478a-03a1-45d6-b295-dd3323d2b4e7"

2021-09-17 13:09:03-log: [Scene] cocos2d: TMXFormat: Unsupported TMX version: 1.5
2021-09-17 13:10:48-error: [Scene] The Asset used by component "cc.Animation" is missing. Detailed information:
Missing uuid: "fbcd478a-03a1-45d6-b295-dd3323d2b4e7"

2021-09-17 13:10:48-error: [Scene] The Asset used by component "cc.Animation" is missing. Detailed information:
Missing uuid: "fbcd478a-03a1-45d6-b295-dd3323d2b4e7"

2021-09-17 13:10:48-log: [Scene] cocos2d: TMXFormat: Unsupported TMX version: 1.5
2021-09-17 13:12:05-error: [Scene] The Asset used by component "cc.Animation" is missing. Detailed information:
Missing uuid: "fbcd478a-03a1-45d6-b295-dd3323d2b4e7"

2021-09-17 13:12:05-error: [Scene] The Asset used by component "cc.Animation" is missing. Detailed information:
Missing uuid: "fbcd478a-03a1-45d6-b295-dd3323d2b4e7"

2021-09-17 13:12:05-log: [Scene] cocos2d: TMXFormat: Unsupported TMX version: 1.5
2021-09-17 13:21:35-error: [Scene] The Asset used by component "cc.Animation" is missing. Detailed information:
Missing uuid: "fbcd478a-03a1-45d6-b295-dd3323d2b4e7"

2021-09-17 13:21:35-error: [Scene] The Asset used by component "cc.Animation" is missing. Detailed information:
Missing uuid: "fbcd478a-03a1-45d6-b295-dd3323d2b4e7"

2021-09-17 13:21:35-log: [Scene] cocos2d: TMXFormat: Unsupported TMX version: 1.5
2021-09-17 13:25:13-error: [Scene] The Asset used by component "cc.Animation" is missing. Detailed information:
Missing uuid: "fbcd478a-03a1-45d6-b295-dd3323d2b4e7"

2021-09-17 13:25:13-error: [Scene] The Asset used by component "cc.Animation" is missing. Detailed information:
Missing uuid: "fbcd478a-03a1-45d6-b295-dd3323d2b4e7"

2021-09-17 13:25:13-log: [Scene] cocos2d: TMXFormat: Unsupported TMX version: 1.5
2021-09-17 13:26:14-error: [Scene] The Asset used by component "cc.Animation" is missing. Detailed information:
Missing uuid: "fbcd478a-03a1-45d6-b295-dd3323d2b4e7"

2021-09-17 13:26:14-error: [Scene] The Asset used by component "cc.Animation" is missing. Detailed information:
Missing uuid: "fbcd478a-03a1-45d6-b295-dd3323d2b4e7"

2021-09-17 13:26:14-log: [Scene] cocos2d: TMXFormat: Unsupported TMX version: 1.5
2021-09-17 14:07:47-error: [Scene] The Asset used by component "cc.Animation" is missing. Detailed information:
Missing uuid: "fbcd478a-03a1-45d6-b295-dd3323d2b4e7"

2021-09-17 14:07:47-error: [Scene] The Asset used by component "cc.Animation" is missing. Detailed information:
Missing uuid: "fbcd478a-03a1-45d6-b295-dd3323d2b4e7"

2021-09-17 14:07:47-log: [Scene] cocos2d: TMXFormat: Unsupported TMX version: 1.5
2021-09-17 14:11:11-error: [preview-error]Uncaught Error: TiledLayer.getTiledTileAt: invalid position in http://localhost:7456/scripting/engine/bin/.cache/dev/preview/bundled/index.js
2021-09-17 14:28:13-error: [Scene] The Asset used by component "cc.Animation" is missing. Detailed information:
Missing uuid: "fbcd478a-03a1-45d6-b295-dd3323d2b4e7"

2021-09-17 14:28:13-error: [Scene] The Asset used by component "cc.Animation" is missing. Detailed information:
Missing uuid: "fbcd478a-03a1-45d6-b295-dd3323d2b4e7"

2021-09-17 14:28:13-log: [Scene] cocos2d: TMXFormat: Unsupported TMX version: 1.5
2021-09-17 14:28:49-error: [Scene] The Asset used by component "cc.Animation" is missing. Detailed information:
Missing uuid: "fbcd478a-03a1-45d6-b295-dd3323d2b4e7"

2021-09-17 14:28:49-error: [Scene] The Asset used by component "cc.Animation" is missing. Detailed information:
Missing uuid: "fbcd478a-03a1-45d6-b295-dd3323d2b4e7"

2021-09-17 14:28:49-log: [Scene] cocos2d: TMXFormat: Unsupported TMX version: 1.5
2021-09-17 14:33:45-error: [Scene] The Asset used by component "cc.Animation" is missing. Detailed information:
Missing uuid: "fbcd478a-03a1-45d6-b295-dd3323d2b4e7"

2021-09-17 14:33:45-error: [Scene] The Asset used by component "cc.Animation" is missing. Detailed information:
Missing uuid: "fbcd478a-03a1-45d6-b295-dd3323d2b4e7"

2021-09-17 14:33:45-log: [Scene] cocos2d: TMXFormat: Unsupported TMX version: 1.5
2021-09-17 14:57:01-error: [Scene] The Asset used by component "cc.Animation" is missing. Detailed information:
Missing uuid: "fbcd478a-03a1-45d6-b295-dd3323d2b4e7"

2021-09-17 14:57:01-error: [Scene] The Asset used by component "cc.Animation" is missing. Detailed information:
Missing uuid: "fbcd478a-03a1-45d6-b295-dd3323d2b4e7"

2021-09-17 14:57:01-log: [Scene] cocos2d: TMXFormat: Unsupported TMX version: 1.5
2021-09-17 14:57:36-error: [Scene] The Asset used by component "cc.Animation" is missing. Detailed information:
Missing uuid: "fbcd478a-03a1-45d6-b295-dd3323d2b4e7"

2021-09-17 14:57:36-error: [Scene] The Asset used by component "cc.Animation" is missing. Detailed information:
Missing uuid: "fbcd478a-03a1-45d6-b295-dd3323d2b4e7"

2021-09-17 14:57:36-log: [Scene] cocos2d: TMXFormat: Unsupported TMX version: 1.5
2021-09-17 14:58:25-error: [Scene] The Asset used by component "cc.Animation" is missing. Detailed information:
Missing uuid: "fbcd478a-03a1-45d6-b295-dd3323d2b4e7"

2021-09-17 14:58:25-error: [Scene] The Asset used by component "cc.Animation" is missing. Detailed information:
Missing uuid: "fbcd478a-03a1-45d6-b295-dd3323d2b4e7"

2021-09-17 14:58:25-log: [Scene] cocos2d: TMXFormat: Unsupported TMX version: 1.5
2021-09-17 15:29:32-error: [Scene] The Asset used by component "cc.Animation" in scene "Main" is missing. Detailed information:
Asset url: "db://assets/scene/Main"
Missing uuid: "fbcd478a-03a1-45d6-b295-dd3323d2b4e7"

2021-09-17 15:29:32-error: [Scene] The Asset used by component "cc.Animation" in scene "Main" is missing. Detailed information:
Asset url: "db://assets/scene/Main"
Missing uuid: "fbcd478a-03a1-45d6-b295-dd3323d2b4e7"

2021-09-17 15:29:32-log: [Scene] cocos2d: TMXFormat: Unsupported TMX version: 1.5
2021-09-17 15:31:13-error: [Scene] The Asset used by component "cc.Animation" is missing. Detailed information:
Missing uuid: "fbcd478a-03a1-45d6-b295-dd3323d2b4e7"

2021-09-17 15:31:13-error: [Scene] The Asset used by component "cc.Animation" is missing. Detailed information:
Missing uuid: "fbcd478a-03a1-45d6-b295-dd3323d2b4e7"

2021-09-17 15:31:13-log: [Scene] cocos2d: TMXFormat: Unsupported TMX version: 1.5
2021-09-17 15:41:11-error: [Scene] The Asset used by component "cc.Animation" is missing. Detailed information:
Missing uuid: "fbcd478a-03a1-45d6-b295-dd3323d2b4e7"

2021-09-17 15:41:11-error: [Scene] The Asset used by component "cc.Animation" is missing. Detailed information:
Missing uuid: "fbcd478a-03a1-45d6-b295-dd3323d2b4e7"

2021-09-17 15:41:11-log: [Scene] cocos2d: TMXFormat: Unsupported TMX version: 1.5
2021-09-17 15:41:17-error: [Scene] The Asset used by component "cc.Animation" is missing. Detailed information:
Missing uuid: "fbcd478a-03a1-45d6-b295-dd3323d2b4e7"

2021-09-17 15:41:17-error: [Scene] The Asset used by component "cc.Animation" is missing. Detailed information:
Missing uuid: "fbcd478a-03a1-45d6-b295-dd3323d2b4e7"

2021-09-17 15:41:17-log: [Scene] cocos2d: TMXFormat: Unsupported TMX version: 1.5
2021-09-17 15:48:12-error: Message response error: parameter error
2021-09-17 15:48:12-error: [Scene] The Asset used by component "cc.Animation" in scene "Main" is missing. Detailed information:
Asset url: "db://assets/scene/Main"
Missing uuid: "fbcd478a-03a1-45d6-b295-dd3323d2b4e7"

2021-09-17 15:48:12-error: [Scene] The Asset used by component "cc.Animation" in scene "Main" is missing. Detailed information:
Asset url: "db://assets/scene/Main"
Missing uuid: "fbcd478a-03a1-45d6-b295-dd3323d2b4e7"

2021-09-17 15:48:12-log: [Scene] cocos2d: TMXFormat: Unsupported TMX version: 1.5
2021-09-17 15:49:04-error: [Scene] The Asset used by component "cc.Animation" is missing. Detailed information:
Missing uuid: "fbcd478a-03a1-45d6-b295-dd3323d2b4e7"

2021-09-17 15:49:04-error: [Scene] The Asset used by component "cc.Animation" is missing. Detailed information:
Missing uuid: "fbcd478a-03a1-45d6-b295-dd3323d2b4e7"

2021-09-17 15:49:04-log: [Scene] cocos2d: TMXFormat: Unsupported TMX version: 1.5
2021-09-17 15:50:47-error: [Scene] The Asset used by component "cc.Animation" is missing. Detailed information:
Missing uuid: "fbcd478a-03a1-45d6-b295-dd3323d2b4e7"

2021-09-17 15:50:47-error: [Scene] The Asset used by component "cc.Animation" is missing. Detailed information:
Missing uuid: "fbcd478a-03a1-45d6-b295-dd3323d2b4e7"

2021-09-17 15:50:47-log: [Scene] cocos2d: TMXFormat: Unsupported TMX version: 1.5
2021-09-17 15:51:57-error: [Scene] The Asset used by component "cc.Animation" is missing. Detailed information:
Missing uuid: "fbcd478a-03a1-45d6-b295-dd3323d2b4e7"

2021-09-17 15:51:57-error: [Scene] The Asset used by component "cc.Animation" is missing. Detailed information:
Missing uuid: "fbcd478a-03a1-45d6-b295-dd3323d2b4e7"

2021-09-17 15:51:57-log: [Scene] cocos2d: TMXFormat: Unsupported TMX version: 1.5
2021-09-17 15:52:22-error: [Scene] The Asset used by component "cc.Animation" is missing. Detailed information:
Missing uuid: "fbcd478a-03a1-45d6-b295-dd3323d2b4e7"

2021-09-17 15:52:22-error: [Scene] The Asset used by component "cc.Animation" is missing. Detailed information:
Missing uuid: "fbcd478a-03a1-45d6-b295-dd3323d2b4e7"

2021-09-17 15:52:22-log: [Scene] cocos2d: TMXFormat: Unsupported TMX version: 1.5
2021-09-17 15:52:59-error: [Scene] The Asset used by component "cc.Animation" is missing. Detailed information:
Missing uuid: "fbcd478a-03a1-45d6-b295-dd3323d2b4e7"

2021-09-17 15:52:59-error: [Scene] The Asset used by component "cc.Animation" is missing. Detailed information:
Missing uuid: "fbcd478a-03a1-45d6-b295-dd3323d2b4e7"

2021-09-17 15:52:59-log: [Scene] cocos2d: TMXFormat: Unsupported TMX version: 1.5
2021-09-17 15:54:44-error: [Scene] The Asset used by component "cc.Animation" is missing. Detailed information:
Missing uuid: "fbcd478a-03a1-45d6-b295-dd3323d2b4e7"

2021-09-17 15:54:44-error: [Scene] The Asset used by component "cc.Animation" is missing. Detailed information:
Missing uuid: "fbcd478a-03a1-45d6-b295-dd3323d2b4e7"

2021-09-17 15:54:44-log: [Scene] cocos2d: TMXFormat: Unsupported TMX version: 1.5
2021-09-17 15:57:02-error: [Scene] The Asset used by component "cc.Animation" is missing. Detailed information:
Missing uuid: "fbcd478a-03a1-45d6-b295-dd3323d2b4e7"

2021-09-17 15:57:02-error: [Scene] The Asset used by component "cc.Animation" is missing. Detailed information:
Missing uuid: "fbcd478a-03a1-45d6-b295-dd3323d2b4e7"

2021-09-17 15:57:02-log: [Scene] cocos2d: TMXFormat: Unsupported TMX version: 1.5
2021-09-17 16:01:07-error: [Scene] The Asset used by component "cc.Animation" is missing. Detailed information:
Missing uuid: "fbcd478a-03a1-45d6-b295-dd3323d2b4e7"

2021-09-17 16:01:07-error: [Scene] The Asset used by component "cc.Animation" is missing. Detailed information:
Missing uuid: "fbcd478a-03a1-45d6-b295-dd3323d2b4e7"

2021-09-17 16:01:07-log: [Scene] cocos2d: TMXFormat: Unsupported TMX version: 1.5
2021-09-17 16:01:47-error: [Scene] The Asset used by component "cc.Animation" is missing. Detailed information:
Missing uuid: "fbcd478a-03a1-45d6-b295-dd3323d2b4e7"

2021-09-17 16:01:47-error: [Scene] The Asset used by component "cc.Animation" is missing. Detailed information:
Missing uuid: "fbcd478a-03a1-45d6-b295-dd3323d2b4e7"

2021-09-17 16:01:47-log: [Scene] cocos2d: TMXFormat: Unsupported TMX version: 1.5
2021-09-17 16:03:44-error: [Scene] The Asset used by component "cc.Animation" is missing. Detailed information:
Missing uuid: "fbcd478a-03a1-45d6-b295-dd3323d2b4e7"

2021-09-17 16:03:44-error: [Scene] The Asset used by component "cc.Animation" is missing. Detailed information:
Missing uuid: "fbcd478a-03a1-45d6-b295-dd3323d2b4e7"

2021-09-17 16:03:44-log: [Scene] cocos2d: TMXFormat: Unsupported TMX version: 1.5
2021-09-17 16:03:53-error: [Scene] The Asset used by component "cc.Animation" is missing. Detailed information:
Missing uuid: "fbcd478a-03a1-45d6-b295-dd3323d2b4e7"

2021-09-17 16:03:53-error: [Scene] The Asset used by component "cc.Animation" is missing. Detailed information:
Missing uuid: "fbcd478a-03a1-45d6-b295-dd3323d2b4e7"

2021-09-17 16:03:53-log: [Scene] cocos2d: TMXFormat: Unsupported TMX version: 1.5
2021-09-17 16:24:03-error: [Scene] The Asset used by component "cc.Animation" is missing. Detailed information:
Missing uuid: "fbcd478a-03a1-45d6-b295-dd3323d2b4e7"

2021-09-17 16:24:03-error: [Scene] The Asset used by component "cc.Animation" is missing. Detailed information:
Missing uuid: "fbcd478a-03a1-45d6-b295-dd3323d2b4e7"

2021-09-17 16:24:03-log: [Scene] cocos2d: TMXFormat: Unsupported TMX version: 1.5
2021-09-17 16:24:43-error: [Scene] The Asset used by component "cc.Animation" is missing. Detailed information:
Missing uuid: "fbcd478a-03a1-45d6-b295-dd3323d2b4e7"

2021-09-17 16:24:43-error: [Scene] The Asset used by component "cc.Animation" is missing. Detailed information:
Missing uuid: "fbcd478a-03a1-45d6-b295-dd3323d2b4e7"

2021-09-17 16:24:43-log: [Scene] cocos2d: TMXFormat: Unsupported TMX version: 1.5
2021-09-17 16:26:58-error: [Scene] The Asset used by component "cc.Animation" is missing. Detailed information:
Missing uuid: "fbcd478a-03a1-45d6-b295-dd3323d2b4e7"

2021-09-17 16:26:58-error: [Scene] The Asset used by component "cc.Animation" is missing. Detailed information:
Missing uuid: "fbcd478a-03a1-45d6-b295-dd3323d2b4e7"

2021-09-17 16:26:58-log: [Scene] cocos2d: TMXFormat: Unsupported TMX version: 1.5
2021-09-17 16:30:23-error: [Scene] The Asset used by component "cc.Animation" is missing. Detailed information:
Missing uuid: "fbcd478a-03a1-45d6-b295-dd3323d2b4e7"

2021-09-17 16:30:23-error: [Scene] The Asset used by component "cc.Animation" is missing. Detailed information:
Missing uuid: "fbcd478a-03a1-45d6-b295-dd3323d2b4e7"

2021-09-17 16:30:23-log: [Scene] cocos2d: TMXFormat: Unsupported TMX version: 1.5
2021-09-17 16:31:19-error: [Scene] The Asset used by component "cc.Animation" is missing. Detailed information:
Missing uuid: "fbcd478a-03a1-45d6-b295-dd3323d2b4e7"

2021-09-17 16:31:19-error: [Scene] The Asset used by component "cc.Animation" is missing. Detailed information:
Missing uuid: "fbcd478a-03a1-45d6-b295-dd3323d2b4e7"

2021-09-17 16:31:19-log: [Scene] cocos2d: TMXFormat: Unsupported TMX version: 1.5
2021-09-17 16:31:42-error: [Scene] The Asset used by component "cc.Animation" is missing. Detailed information:
Missing uuid: "fbcd478a-03a1-45d6-b295-dd3323d2b4e7"

2021-09-17 16:31:42-error: [Scene] The Asset used by component "cc.Animation" is missing. Detailed information:
Missing uuid: "fbcd478a-03a1-45d6-b295-dd3323d2b4e7"

2021-09-17 16:31:42-log: [Scene] cocos2d: TMXFormat: Unsupported TMX version: 1.5
2021-09-17 16:32:28-error: [Scene] The Asset used by component "cc.Animation" is missing. Detailed information:
Missing uuid: "fbcd478a-03a1-45d6-b295-dd3323d2b4e7"

2021-09-17 16:32:28-error: [Scene] The Asset used by component "cc.Animation" is missing. Detailed information:
Missing uuid: "fbcd478a-03a1-45d6-b295-dd3323d2b4e7"

2021-09-17 16:32:28-log: [Scene] cocos2d: TMXFormat: Unsupported TMX version: 1.5
2021-09-17 16:33:08-error: [Scene] The Asset used by component "cc.Animation" is missing. Detailed information:
Missing uuid: "fbcd478a-03a1-45d6-b295-dd3323d2b4e7"

2021-09-17 16:33:08-error: [Scene] The Asset used by component "cc.Animation" is missing. Detailed information:
Missing uuid: "fbcd478a-03a1-45d6-b295-dd3323d2b4e7"

2021-09-17 16:33:08-log: [Scene] cocos2d: TMXFormat: Unsupported TMX version: 1.5
2021-09-17 16:33:32-error: [Scene] The Asset used by component "cc.Animation" is missing. Detailed information:
Missing uuid: "fbcd478a-03a1-45d6-b295-dd3323d2b4e7"

2021-09-17 16:33:32-error: [Scene] The Asset used by component "cc.Animation" is missing. Detailed information:
Missing uuid: "fbcd478a-03a1-45d6-b295-dd3323d2b4e7"

2021-09-17 16:33:32-log: [Scene] cocos2d: TMXFormat: Unsupported TMX version: 1.5
2021-09-17 16:35:11-error: [Scene] The Asset used by component "cc.Animation" is missing. Detailed information:
Missing uuid: "fbcd478a-03a1-45d6-b295-dd3323d2b4e7"

2021-09-17 16:35:11-error: [Scene] The Asset used by component "cc.Animation" is missing. Detailed information:
Missing uuid: "fbcd478a-03a1-45d6-b295-dd3323d2b4e7"

2021-09-17 16:35:11-log: [Scene] cocos2d: TMXFormat: Unsupported TMX version: 1.5
2021-09-17 16:39:48-error: [Scene] The Asset used by component "cc.Animation" is missing. Detailed information:
Missing uuid: "fbcd478a-03a1-45d6-b295-dd3323d2b4e7"

2021-09-17 16:39:48-error: [Scene] The Asset used by component "cc.Animation" is missing. Detailed information:
Missing uuid: "fbcd478a-03a1-45d6-b295-dd3323d2b4e7"

2021-09-17 16:39:48-log: [Scene] cocos2d: TMXFormat: Unsupported TMX version: 1.5
2021-09-17 16:41:15-error: [Scene] The Asset used by component "cc.Animation" is missing. Detailed information:
Missing uuid: "fbcd478a-03a1-45d6-b295-dd3323d2b4e7"

2021-09-17 16:41:15-error: [Scene] The Asset used by component "cc.Animation" is missing. Detailed information:
Missing uuid: "fbcd478a-03a1-45d6-b295-dd3323d2b4e7"

2021-09-17 16:41:15-log: [Scene] cocos2d: TMXFormat: Unsupported TMX version: 1.5
2021-09-17 16:42:05-error: [Scene] The Asset used by component "cc.Animation" is missing. Detailed information:
Missing uuid: "fbcd478a-03a1-45d6-b295-dd3323d2b4e7"

2021-09-17 16:42:05-error: [Scene] The Asset used by component "cc.Animation" is missing. Detailed information:
Missing uuid: "fbcd478a-03a1-45d6-b295-dd3323d2b4e7"

2021-09-17 16:42:05-log: [Scene] cocos2d: TMXFormat: Unsupported TMX version: 1.5
2021-09-17 16:42:43-error: [Scene] The Asset used by component "cc.Animation" is missing. Detailed information:
Missing uuid: "fbcd478a-03a1-45d6-b295-dd3323d2b4e7"

2021-09-17 16:42:43-error: [Scene] The Asset used by component "cc.Animation" is missing. Detailed information:
Missing uuid: "fbcd478a-03a1-45d6-b295-dd3323d2b4e7"

2021-09-17 16:42:43-log: [Scene] cocos2d: TMXFormat: Unsupported TMX version: 1.5
2021-09-17 16:43:19-error: [Scene] The Asset used by component "cc.Animation" is missing. Detailed information:
Missing uuid: "fbcd478a-03a1-45d6-b295-dd3323d2b4e7"

2021-09-17 16:43:19-error: [Scene] The Asset used by component "cc.Animation" is missing. Detailed information:
Missing uuid: "fbcd478a-03a1-45d6-b295-dd3323d2b4e7"

2021-09-17 16:43:19-log: [Scene] cocos2d: TMXFormat: Unsupported TMX version: 1.5
2021-09-17 16:43:51-error: [Scene] The Asset used by component "cc.Animation" is missing. Detailed information:
Missing uuid: "fbcd478a-03a1-45d6-b295-dd3323d2b4e7"

2021-09-17 16:43:51-error: [Scene] The Asset used by component "cc.Animation" is missing. Detailed information:
Missing uuid: "fbcd478a-03a1-45d6-b295-dd3323d2b4e7"

2021-09-17 16:43:51-log: [Scene] cocos2d: TMXFormat: Unsupported TMX version: 1.5
2021-09-17 16:44:37-error: [Scene] The Asset used by component "cc.Animation" is missing. Detailed information:
Missing uuid: "fbcd478a-03a1-45d6-b295-dd3323d2b4e7"

2021-09-17 16:44:37-error: [Scene] The Asset used by component "cc.Animation" is missing. Detailed information:
Missing uuid: "fbcd478a-03a1-45d6-b295-dd3323d2b4e7"

2021-09-17 16:44:37-log: [Scene] cocos2d: TMXFormat: Unsupported TMX version: 1.5
2021-09-17 16:45:02-error: [Scene] The Asset used by component "cc.Animation" is missing. Detailed information:
Missing uuid: "fbcd478a-03a1-45d6-b295-dd3323d2b4e7"

2021-09-17 16:45:02-error: [Scene] The Asset used by component "cc.Animation" is missing. Detailed information:
Missing uuid: "fbcd478a-03a1-45d6-b295-dd3323d2b4e7"

2021-09-17 16:45:02-log: [Scene] cocos2d: TMXFormat: Unsupported TMX version: 1.5
2021-09-17 16:47:17-error: [Scene] The Asset used by component "cc.Animation" is missing. Detailed information:
Missing uuid: "fbcd478a-03a1-45d6-b295-dd3323d2b4e7"

2021-09-17 16:47:17-error: [Scene] The Asset used by component "cc.Animation" is missing. Detailed information:
Missing uuid: "fbcd478a-03a1-45d6-b295-dd3323d2b4e7"

2021-09-17 16:47:17-log: [Scene] cocos2d: TMXFormat: Unsupported TMX version: 1.5
2021-09-17 16:50:31-error: [Window] Cannot set property 'isPrefabRoot' of undefined
2021-09-17 16:51:01-warn: [Scene] can't find node in current scene: 03P8PilkhO+YNjO03OrFNy
2021-09-17 16:51:01-warn: [Scene] can't find prefab root node in current scene
2021-09-17 16:51:14-warn: [Scene] can't find node in current scene: 03P8PilkhO+YNjO03OrFNy
2021-09-17 16:51:14-warn: [Scene] can't find prefab root node in current scene
2021-09-17 16:51:14-error: [Scene] The data used to save is empty, use last saved data to save
2021-09-17 16:51:14-warn: [Scene] can't find node in current scene: 03P8PilkhO+YNjO03OrFNy
2021-09-17 16:51:14-warn: [Scene] can't find prefab root node in current scene
2021-09-17 16:51:15-warn: [Scene] can't find node in current scene: 03P8PilkhO+YNjO03OrFNy
2021-09-17 16:51:15-warn: [Scene] can't find prefab root node in current scene
2021-09-17 16:51:15-error: [Scene] The data used to save is empty, use last saved data to save
2021-09-17 16:51:15-warn: [Scene] can't find node in current scene: 03P8PilkhO+YNjO03OrFNy
2021-09-17 16:51:15-warn: [Scene] can't find prefab root node in current scene
2021-09-17 16:51:15-warn: [Scene] can't find node in current scene: 03P8PilkhO+YNjO03OrFNy
2021-09-17 16:51:15-warn: [Scene] can't find prefab root node in current scene
2021-09-17 16:51:15-error: [Scene] The data used to save is empty, use last saved data to save
2021-09-17 16:51:15-warn: [Scene] can't find node in current scene: 03P8PilkhO+YNjO03OrFNy
2021-09-17 16:51:15-warn: [Scene] can't find prefab root node in current scene
2021-09-17 16:51:22-warn: [Scene] can't find node in current scene: 03P8PilkhO+YNjO03OrFNy
2021-09-17 16:51:22-warn: [Scene] can't find prefab root node in current scene
2021-09-17 16:51:23-warn: [Scene] can't find node in current scene: 03P8PilkhO+YNjO03OrFNy
2021-09-17 16:51:23-warn: [Scene] can't find prefab root node in current scene
2021-09-17 16:51:23-error: [Scene] The data used to save is empty, use last saved data to save
2021-09-17 16:51:23-warn: [Scene] can't find node in current scene: 03P8PilkhO+YNjO03OrFNy
2021-09-17 16:51:23-warn: [Scene] can't find prefab root node in current scene
2021-09-17 16:51:23-error: [Scene] The Asset used by component "cc.Animation" is missing. Detailed information:
Missing uuid: "fbcd478a-03a1-45d6-b295-dd3323d2b4e7"

2021-09-17 16:51:23-error: [Scene] The Asset used by component "cc.Animation" is missing. Detailed information:
Missing uuid: "fbcd478a-03a1-45d6-b295-dd3323d2b4e7"

2021-09-17 16:51:23-log: [Scene] cocos2d: TMXFormat: Unsupported TMX version: 1.5
2021-09-17 16:51:32-error: [Scene] The Asset used by component "cc.Animation" is missing. Detailed information:
Missing uuid: "fbcd478a-03a1-45d6-b295-dd3323d2b4e7"

2021-09-17 16:51:32-error: [Scene] The Asset used by component "cc.Animation" is missing. Detailed information:
Missing uuid: "fbcd478a-03a1-45d6-b295-dd3323d2b4e7"

2021-09-17 16:51:32-log: [Scene] cocos2d: TMXFormat: Unsupported TMX version: 1.5
2021-09-17 16:52:43-error: [Scene] The Asset used by component "cc.Animation" is missing. Detailed information:
Missing uuid: "fbcd478a-03a1-45d6-b295-dd3323d2b4e7"

2021-09-17 16:52:43-error: [Scene] The Asset used by component "cc.Animation" is missing. Detailed information:
Missing uuid: "fbcd478a-03a1-45d6-b295-dd3323d2b4e7"

2021-09-17 16:52:43-log: [Scene] cocos2d: TMXFormat: Unsupported TMX version: 1.5
2021-09-17 16:53:32-error: [Scene] The Asset used by component "cc.Animation" is missing. Detailed information:
Missing uuid: "fbcd478a-03a1-45d6-b295-dd3323d2b4e7"

2021-09-17 16:53:32-error: [Scene] The Asset used by component "cc.Animation" is missing. Detailed information:
Missing uuid: "fbcd478a-03a1-45d6-b295-dd3323d2b4e7"

2021-09-17 16:53:32-log: [Scene] cocos2d: TMXFormat: Unsupported TMX version: 1.5
2021-09-17 16:55:14-error: [Scene] The Asset used by component "cc.Animation" is missing. Detailed information:
Missing uuid: "fbcd478a-03a1-45d6-b295-dd3323d2b4e7"

2021-09-17 16:55:14-error: [Scene] The Asset used by component "cc.Animation" is missing. Detailed information:
Missing uuid: "fbcd478a-03a1-45d6-b295-dd3323d2b4e7"

2021-09-17 16:55:14-log: [Scene] cocos2d: TMXFormat: Unsupported TMX version: 1.5
2021-09-17 16:58:54-error: [Scene] The Asset used by component "cc.Animation" is missing. Detailed information:
Missing uuid: "fbcd478a-03a1-45d6-b295-dd3323d2b4e7"

2021-09-17 16:58:54-error: [Scene] The Asset used by component "cc.Animation" is missing. Detailed information:
Missing uuid: "fbcd478a-03a1-45d6-b295-dd3323d2b4e7"

2021-09-17 16:58:54-log: [Scene] cocos2d: TMXFormat: Unsupported TMX version: 1.5
2021-09-17 16:59:19-error: [Scene] The Asset used by component "cc.Animation" is missing. Detailed information:
Missing uuid: "fbcd478a-03a1-45d6-b295-dd3323d2b4e7"

2021-09-17 16:59:19-error: [Scene] The Asset used by component "cc.Animation" is missing. Detailed information:
Missing uuid: "fbcd478a-03a1-45d6-b295-dd3323d2b4e7"

2021-09-17 16:59:19-log: [Scene] cocos2d: TMXFormat: Unsupported TMX version: 1.5
2021-09-17 16:59:53-error: [Scene] The Asset used by component "cc.Animation" is missing. Detailed information:
Missing uuid: "fbcd478a-03a1-45d6-b295-dd3323d2b4e7"

2021-09-17 16:59:53-error: [Scene] The Asset used by component "cc.Animation" is missing. Detailed information:
Missing uuid: "fbcd478a-03a1-45d6-b295-dd3323d2b4e7"

2021-09-17 16:59:53-log: [Scene] cocos2d: TMXFormat: Unsupported TMX version: 1.5
2021-09-17 17:01:21-error: [Scene] The Asset used by component "cc.Animation" is missing. Detailed information:
Missing uuid: "fbcd478a-03a1-45d6-b295-dd3323d2b4e7"

2021-09-17 17:01:21-error: [Scene] The Asset used by component "cc.Animation" is missing. Detailed information:
Missing uuid: "fbcd478a-03a1-45d6-b295-dd3323d2b4e7"

2021-09-17 17:01:21-log: [Scene] cocos2d: TMXFormat: Unsupported TMX version: 1.5
2021-09-17 17:02:34-error: [Scene] The Asset used by component "cc.Animation" is missing. Detailed information:
Missing uuid: "fbcd478a-03a1-45d6-b295-dd3323d2b4e7"

2021-09-17 17:02:34-error: [Scene] The Asset used by component "cc.Animation" is missing. Detailed information:
Missing uuid: "fbcd478a-03a1-45d6-b295-dd3323d2b4e7"

2021-09-17 17:02:34-log: [Scene] cocos2d: TMXFormat: Unsupported TMX version: 1.5
2021-09-17 17:03:35-error: [Scene] The Asset used by component "cc.Animation" is missing. Detailed information:
Missing uuid: "fbcd478a-03a1-45d6-b295-dd3323d2b4e7"

2021-09-17 17:03:35-error: [Scene] The Asset used by component "cc.Animation" is missing. Detailed information:
Missing uuid: "fbcd478a-03a1-45d6-b295-dd3323d2b4e7"

2021-09-17 17:03:35-log: [Scene] cocos2d: TMXFormat: Unsupported TMX version: 1.5
2021-09-17 17:04:08-error: [Scene] The Asset used by component "cc.Animation" is missing. Detailed information:
Missing uuid: "fbcd478a-03a1-45d6-b295-dd3323d2b4e7"

2021-09-17 17:04:08-error: [Scene] The Asset used by component "cc.Animation" is missing. Detailed information:
Missing uuid: "fbcd478a-03a1-45d6-b295-dd3323d2b4e7"

2021-09-17 17:04:08-log: [Scene] cocos2d: TMXFormat: Unsupported TMX version: 1.5
2021-09-17 17:04:39-error: [Scene] The Asset used by component "cc.Animation" is missing. Detailed information:
Missing uuid: "fbcd478a-03a1-45d6-b295-dd3323d2b4e7"

2021-09-17 17:04:39-error: [Scene] The Asset used by component "cc.Animation" is missing. Detailed information:
Missing uuid: "fbcd478a-03a1-45d6-b295-dd3323d2b4e7"

2021-09-17 17:04:39-log: [Scene] cocos2d: TMXFormat: Unsupported TMX version: 1.5
2021-09-17 17:07:20-error: [Scene] The Asset used by component "cc.Animation" is missing. Detailed information:
Missing uuid: "fbcd478a-03a1-45d6-b295-dd3323d2b4e7"

2021-09-17 17:07:20-error: [Scene] The Asset used by component "cc.Animation" is missing. Detailed information:
Missing uuid: "fbcd478a-03a1-45d6-b295-dd3323d2b4e7"

2021-09-17 17:07:20-log: [Scene] cocos2d: TMXFormat: Unsupported TMX version: 1.5
2021-09-17 17:08:20-error: [Scene] The Asset used by component "cc.Animation" is missing. Detailed information:
Missing uuid: "fbcd478a-03a1-45d6-b295-dd3323d2b4e7"

2021-09-17 17:08:20-error: [Scene] The Asset used by component "cc.Animation" is missing. Detailed information:
Missing uuid: "fbcd478a-03a1-45d6-b295-dd3323d2b4e7"

2021-09-17 17:08:20-log: [Scene] cocos2d: TMXFormat: Unsupported TMX version: 1.5
2021-09-17 17:12:14-error: [Scene] The Asset used by component "cc.Animation" is missing. Detailed information:
Missing uuid: "fbcd478a-03a1-45d6-b295-dd3323d2b4e7"

2021-09-17 17:12:14-error: [Scene] The Asset used by component "cc.Animation" is missing. Detailed information:
Missing uuid: "fbcd478a-03a1-45d6-b295-dd3323d2b4e7"

2021-09-17 17:12:14-log: [Scene] cocos2d: TMXFormat: Unsupported TMX version: 1.5
2021-09-17 17:12:36-error: [Scene] The Asset used by component "cc.Animation" is missing. Detailed information:
Missing uuid: "fbcd478a-03a1-45d6-b295-dd3323d2b4e7"

2021-09-17 17:12:36-error: [Scene] The Asset used by component "cc.Animation" is missing. Detailed information:
Missing uuid: "fbcd478a-03a1-45d6-b295-dd3323d2b4e7"

2021-09-17 17:12:36-log: [Scene] cocos2d: TMXFormat: Unsupported TMX version: 1.5
2021-09-17 17:12:52-error: [Scene] The Asset used by component "cc.Animation" is missing. Detailed information:
Missing uuid: "fbcd478a-03a1-45d6-b295-dd3323d2b4e7"

2021-09-17 17:12:52-error: [Scene] The Asset used by component "cc.Animation" is missing. Detailed information:
Missing uuid: "fbcd478a-03a1-45d6-b295-dd3323d2b4e7"

2021-09-17 17:12:52-log: [Scene] cocos2d: TMXFormat: Unsupported TMX version: 1.5
2021-09-17 17:13:13-error: [Scene] The Asset used by component "cc.Animation" is missing. Detailed information:
Missing uuid: "fbcd478a-03a1-45d6-b295-dd3323d2b4e7"

2021-09-17 17:13:13-error: [Scene] The Asset used by component "cc.Animation" is missing. Detailed information:
Missing uuid: "fbcd478a-03a1-45d6-b295-dd3323d2b4e7"

2021-09-17 17:13:13-log: [Scene] cocos2d: TMXFormat: Unsupported TMX version: 1.5
2021-09-17 17:16:45-error: Failed to load module file:///Users/chandankrishnani/CocosPractice/Snake_Ladder/assets/Typescript/chan.ts: SyntaxError: unknown: Missing semicolon (237:31)

  235 |       this.snake_array[0].setContentSize(400,diff1);
  236 |       let ang = Math.atan2(diff1,diff2);
> 237 |       tween(this.snake[0].node)s
      |                                ^
  238 |       .to(0.5,{angle : toDegree(ang)-90})
  239 |       .start();
  240 |.
2021-09-17 17:16:45-error: Failed to load module file:///Users/chandankrishnani/CocosPractice/Snake_Ladder/assets/Typescript/chan.ts: SyntaxError: unknown: Missing semicolon (237:31)

  235 |       this.snake_array[0].setContentSize(400,diff1);
  236 |       let ang = Math.atan2(diff1,diff2);
> 237 |       tween(this.snake[0].node)s
      |                                ^
  238 |       .to(0.5,{angle : toDegree(ang)-90})
  239 |       .start();
  240 |.
2021-09-17 17:16:45-warn: [Scene] Missing class: 468080QwwVFfav43bjlXf9s
2021-09-17 17:16:45-error: [Scene] Script "468080QwwVFfav43bjlXf9s" attached to "Bg" is missing or invalid. Detailed information:
Script UUID: "46808d10-c305-457d-abf8-ddb8e55dff6c"
Class ID: "468080QwwVFfav43bjlXf9s"

2021-09-17 17:16:45-error: [Scene] Script "468080QwwVFfav43bjlXf9s" attached to "Bg" is missing or invalid. Detailed information:
Script UUID: "46808d10-c305-457d-abf8-ddb8e55dff6c"
Class ID: "468080QwwVFfav43bjlXf9s"

2021-09-17 17:16:45-error: [Scene] The Asset used by component "cc.Animation" is missing. Detailed information:
Missing uuid: "fbcd478a-03a1-45d6-b295-dd3323d2b4e7"

2021-09-17 17:16:45-error: [Scene] The Asset used by component "cc.Animation" is missing. Detailed information:
Missing uuid: "fbcd478a-03a1-45d6-b295-dd3323d2b4e7"

2021-09-17 17:16:45-log: [Scene] cocos2d: TMXFormat: Unsupported TMX version: 1.5
2021-09-17 17:17:26-error: [Scene] The Asset used by component "cc.Animation" is missing. Detailed information:
Missing uuid: "fbcd478a-03a1-45d6-b295-dd3323d2b4e7"

2021-09-17 17:17:26-error: [Scene] The Asset used by component "cc.Animation" is missing. Detailed information:
Missing uuid: "fbcd478a-03a1-45d6-b295-dd3323d2b4e7"

2021-09-17 17:17:27-log: [Scene] cocos2d: TMXFormat: Unsupported TMX version: 1.5
2021-09-17 17:18:31-error: [Scene] The Asset used by component "cc.Animation" is missing. Detailed information:
Missing uuid: "fbcd478a-03a1-45d6-b295-dd3323d2b4e7"

2021-09-17 17:18:31-error: [Scene] The Asset used by component "cc.Animation" is missing. Detailed information:
Missing uuid: "fbcd478a-03a1-45d6-b295-dd3323d2b4e7"

2021-09-17 17:18:31-log: [Scene] cocos2d: TMXFormat: Unsupported TMX version: 1.5
2021-09-17 17:19:25-error: [Scene] The Asset used by component "cc.Animation" is missing. Detailed information:
Missing uuid: "fbcd478a-03a1-45d6-b295-dd3323d2b4e7"

2021-09-17 17:19:25-error: [Scene] The Asset used by component "cc.Animation" is missing. Detailed information:
Missing uuid: "fbcd478a-03a1-45d6-b295-dd3323d2b4e7"

2021-09-17 17:19:25-log: [Scene] cocos2d: TMXFormat: Unsupported TMX version: 1.5
2021-09-17 17:20:46-error: [Scene] The Asset used by component "cc.Animation" is missing. Detailed information:
Missing uuid: "fbcd478a-03a1-45d6-b295-dd3323d2b4e7"

2021-09-17 17:20:46-error: [Scene] The Asset used by component "cc.Animation" is missing. Detailed information:
Missing uuid: "fbcd478a-03a1-45d6-b295-dd3323d2b4e7"

2021-09-17 17:20:46-log: [Scene] cocos2d: TMXFormat: Unsupported TMX version: 1.5
2021-09-17 17:22:05-error: [Scene] The Asset used by component "cc.Animation" is missing. Detailed information:
Missing uuid: "fbcd478a-03a1-45d6-b295-dd3323d2b4e7"

2021-09-17 17:22:05-error: [Scene] The Asset used by component "cc.Animation" is missing. Detailed information:
Missing uuid: "fbcd478a-03a1-45d6-b295-dd3323d2b4e7"

2021-09-17 17:22:05-log: [Scene] cocos2d: TMXFormat: Unsupported TMX version: 1.5
2021-09-17 17:23:38-error: [Scene] The Asset used by component "cc.Animation" is missing. Detailed information:
Missing uuid: "fbcd478a-03a1-45d6-b295-dd3323d2b4e7"

2021-09-17 17:23:38-error: [Scene] The Asset used by component "cc.Animation" is missing. Detailed information:
Missing uuid: "fbcd478a-03a1-45d6-b295-dd3323d2b4e7"

2021-09-17 17:23:38-log: [Scene] cocos2d: TMXFormat: Unsupported TMX version: 1.5
2021-09-17 17:24:17-error: [Scene] The Asset used by component "cc.Animation" is missing. Detailed information:
Missing uuid: "fbcd478a-03a1-45d6-b295-dd3323d2b4e7"

2021-09-17 17:24:17-error: [Scene] The Asset used by component "cc.Animation" is missing. Detailed information:
Missing uuid: "fbcd478a-03a1-45d6-b295-dd3323d2b4e7"

2021-09-17 17:24:17-log: [Scene] cocos2d: TMXFormat: Unsupported TMX version: 1.5
2021-09-17 17:25:01-error: [Scene] The Asset used by component "cc.Animation" is missing. Detailed information:
Missing uuid: "fbcd478a-03a1-45d6-b295-dd3323d2b4e7"

2021-09-17 17:25:01-error: [Scene] The Asset used by component "cc.Animation" is missing. Detailed information:
Missing uuid: "fbcd478a-03a1-45d6-b295-dd3323d2b4e7"

2021-09-17 17:25:01-log: [Scene] cocos2d: TMXFormat: Unsupported TMX version: 1.5
2021-09-17 17:26:06-error: [Scene] The Asset used by component "cc.Animation" is missing. Detailed information:
Missing uuid: "fbcd478a-03a1-45d6-b295-dd3323d2b4e7"

2021-09-17 17:26:06-error: [Scene] The Asset used by component "cc.Animation" is missing. Detailed information:
Missing uuid: "fbcd478a-03a1-45d6-b295-dd3323d2b4e7"

2021-09-17 17:26:06-log: [Scene] cocos2d: TMXFormat: Unsupported TMX version: 1.5
2021-09-17 17:28:44-error: [Scene] The Asset used by component "cc.Animation" is missing. Detailed information:
Missing uuid: "fbcd478a-03a1-45d6-b295-dd3323d2b4e7"

2021-09-17 17:28:44-error: [Scene] The Asset used by component "cc.Animation" is missing. Detailed information:
Missing uuid: "fbcd478a-03a1-45d6-b295-dd3323d2b4e7"

2021-09-17 17:28:44-log: [Scene] cocos2d: TMXFormat: Unsupported TMX version: 1.5
2021-09-17 17:29:45-error: [Scene] The Asset used by component "cc.Animation" is missing. Detailed information:
Missing uuid: "fbcd478a-03a1-45d6-b295-dd3323d2b4e7"

2021-09-17 17:29:45-error: [Scene] The Asset used by component "cc.Animation" is missing. Detailed information:
Missing uuid: "fbcd478a-03a1-45d6-b295-dd3323d2b4e7"

2021-09-17 17:29:45-log: [Scene] cocos2d: TMXFormat: Unsupported TMX version: 1.5
2021-09-17 17:30:12-error: [Scene] The Asset used by component "cc.Animation" is missing. Detailed information:
Missing uuid: "fbcd478a-03a1-45d6-b295-dd3323d2b4e7"

2021-09-17 17:30:12-error: [Scene] The Asset used by component "cc.Animation" is missing. Detailed information:
Missing uuid: "fbcd478a-03a1-45d6-b295-dd3323d2b4e7"

2021-09-17 17:30:12-log: [Scene] cocos2d: TMXFormat: Unsupported TMX version: 1.5
2021-09-17 17:30:33-error: [Scene] The Asset used by component "cc.Animation" is missing. Detailed information:
Missing uuid: "fbcd478a-03a1-45d6-b295-dd3323d2b4e7"

2021-09-17 17:30:33-error: [Scene] The Asset used by component "cc.Animation" is missing. Detailed information:
Missing uuid: "fbcd478a-03a1-45d6-b295-dd3323d2b4e7"

2021-09-17 17:30:33-log: [Scene] cocos2d: TMXFormat: Unsupported TMX version: 1.5
2021-09-17 17:31:08-error: [Scene] The Asset used by component "cc.Animation" is missing. Detailed information:
Missing uuid: "fbcd478a-03a1-45d6-b295-dd3323d2b4e7"

2021-09-17 17:31:08-error: [Scene] The Asset used by component "cc.Animation" is missing. Detailed information:
Missing uuid: "fbcd478a-03a1-45d6-b295-dd3323d2b4e7"

2021-09-17 17:31:08-log: [Scene] cocos2d: TMXFormat: Unsupported TMX version: 1.5
2021-09-17 17:31:31-error: [Scene] The Asset used by component "cc.Animation" is missing. Detailed information:
Missing uuid: "fbcd478a-03a1-45d6-b295-dd3323d2b4e7"

2021-09-17 17:31:31-error: [Scene] The Asset used by component "cc.Animation" is missing. Detailed information:
Missing uuid: "fbcd478a-03a1-45d6-b295-dd3323d2b4e7"

2021-09-17 17:31:31-log: [Scene] cocos2d: TMXFormat: Unsupported TMX version: 1.5
2021-09-17 17:32:33-error: [Scene] The Asset used by component "cc.Animation" is missing. Detailed information:
Missing uuid: "fbcd478a-03a1-45d6-b295-dd3323d2b4e7"

2021-09-17 17:32:33-error: [Scene] The Asset used by component "cc.Animation" is missing. Detailed information:
Missing uuid: "fbcd478a-03a1-45d6-b295-dd3323d2b4e7"

2021-09-17 17:32:33-log: [Scene] cocos2d: TMXFormat: Unsupported TMX version: 1.5
2021-09-17 17:33:45-error: [Scene] The Asset used by component "cc.Animation" is missing. Detailed information:
Missing uuid: "fbcd478a-03a1-45d6-b295-dd3323d2b4e7"

2021-09-17 17:33:45-error: [Scene] The Asset used by component "cc.Animation" is missing. Detailed information:
Missing uuid: "fbcd478a-03a1-45d6-b295-dd3323d2b4e7"

2021-09-17 17:33:45-log: [Scene] cocos2d: TMXFormat: Unsupported TMX version: 1.5
2021-09-17 17:36:08-error: [Scene] The Asset used by component "cc.Animation" is missing. Detailed information:
Missing uuid: "fbcd478a-03a1-45d6-b295-dd3323d2b4e7"

2021-09-17 17:36:08-error: [Scene] The Asset used by component "cc.Animation" is missing. Detailed information:
Missing uuid: "fbcd478a-03a1-45d6-b295-dd3323d2b4e7"

2021-09-17 17:36:08-log: [Scene] cocos2d: TMXFormat: Unsupported TMX version: 1.5
2021-09-17 17:36:38-error: [Scene] The Asset used by component "cc.Animation" is missing. Detailed information:
Missing uuid: "fbcd478a-03a1-45d6-b295-dd3323d2b4e7"

2021-09-17 17:36:38-error: [Scene] The Asset used by component "cc.Animation" is missing. Detailed information:
Missing uuid: "fbcd478a-03a1-45d6-b295-dd3323d2b4e7"

2021-09-17 17:36:38-log: [Scene] cocos2d: TMXFormat: Unsupported TMX version: 1.5
2021-09-17 17:36:59-error: [Scene] The Asset used by component "cc.Animation" is missing. Detailed information:
Missing uuid: "fbcd478a-03a1-45d6-b295-dd3323d2b4e7"

2021-09-17 17:36:59-error: [Scene] The Asset used by component "cc.Animation" is missing. Detailed information:
Missing uuid: "fbcd478a-03a1-45d6-b295-dd3323d2b4e7"

2021-09-17 17:36:59-log: [Scene] cocos2d: TMXFormat: Unsupported TMX version: 1.5
2021-09-17 17:37:35-error: [Scene] The Asset used by component "cc.Animation" is missing. Detailed information:
Missing uuid: "fbcd478a-03a1-45d6-b295-dd3323d2b4e7"

2021-09-17 17:37:35-error: [Scene] The Asset used by component "cc.Animation" is missing. Detailed information:
Missing uuid: "fbcd478a-03a1-45d6-b295-dd3323d2b4e7"

2021-09-17 17:37:35-log: [Scene] cocos2d: TMXFormat: Unsupported TMX version: 1.5
2021-09-17 17:38:10-error: [Scene] The Asset used by component "cc.Animation" is missing. Detailed information:
Missing uuid: "fbcd478a-03a1-45d6-b295-dd3323d2b4e7"

2021-09-17 17:38:10-error: [Scene] The Asset used by component "cc.Animation" is missing. Detailed information:
Missing uuid: "fbcd478a-03a1-45d6-b295-dd3323d2b4e7"

2021-09-17 17:38:10-log: [Scene] cocos2d: TMXFormat: Unsupported TMX version: 1.5
2021-09-17 17:38:41-error: [Scene] The Asset used by component "cc.Animation" is missing. Detailed information:
Missing uuid: "fbcd478a-03a1-45d6-b295-dd3323d2b4e7"

2021-09-17 17:38:41-error: [Scene] The Asset used by component "cc.Animation" is missing. Detailed information:
Missing uuid: "fbcd478a-03a1-45d6-b295-dd3323d2b4e7"

2021-09-17 17:38:41-log: [Scene] cocos2d: TMXFormat: Unsupported TMX version: 1.5
2021-09-17 17:39:53-error: [Scene] The Asset used by component "cc.Animation" is missing. Detailed information:
Missing uuid: "fbcd478a-03a1-45d6-b295-dd3323d2b4e7"

2021-09-17 17:39:53-error: [Scene] The Asset used by component "cc.Animation" is missing. Detailed information:
Missing uuid: "fbcd478a-03a1-45d6-b295-dd3323d2b4e7"

2021-09-17 17:39:53-log: [Scene] cocos2d: TMXFormat: Unsupported TMX version: 1.5
2021-09-17 17:40:23-error: [Scene] The Asset used by component "cc.Animation" is missing. Detailed information:
Missing uuid: "fbcd478a-03a1-45d6-b295-dd3323d2b4e7"

2021-09-17 17:40:23-error: [Scene] The Asset used by component "cc.Animation" is missing. Detailed information:
Missing uuid: "fbcd478a-03a1-45d6-b295-dd3323d2b4e7"

2021-09-17 17:40:23-log: [Scene] cocos2d: TMXFormat: Unsupported TMX version: 1.5
2021-09-17 17:47:59-error: [Scene] The Asset used by component "cc.Animation" is missing. Detailed information:
Missing uuid: "fbcd478a-03a1-45d6-b295-dd3323d2b4e7"

2021-09-17 17:47:59-error: [Scene] The Asset used by component "cc.Animation" is missing. Detailed information:
Missing uuid: "fbcd478a-03a1-45d6-b295-dd3323d2b4e7"

2021-09-17 17:47:59-log: [Scene] cocos2d: TMXFormat: Unsupported TMX version: 1.5
2021-09-17 17:48:52-error: [Scene] The Asset used by component "cc.Animation" is missing. Detailed information:
Missing uuid: "fbcd478a-03a1-45d6-b295-dd3323d2b4e7"

2021-09-17 17:48:52-error: [Scene] The Asset used by component "cc.Animation" is missing. Detailed information:
Missing uuid: "fbcd478a-03a1-45d6-b295-dd3323d2b4e7"

2021-09-17 17:48:52-log: [Scene] cocos2d: TMXFormat: Unsupported TMX version: 1.5
2021-09-17 18:01:04-error: [Scene] The Asset used by component "cc.Animation" is missing. Detailed information:
Missing uuid: "fbcd478a-03a1-45d6-b295-dd3323d2b4e7"

2021-09-17 18:01:04-error: [Scene] The Asset used by component "cc.Animation" is missing. Detailed information:
Missing uuid: "fbcd478a-03a1-45d6-b295-dd3323d2b4e7"

2021-09-17 18:01:04-log: [Scene] cocos2d: TMXFormat: Unsupported TMX version: 1.5
2021-09-17 18:04:19-error: [Scene] The Asset used by component "cc.Animation" is missing. Detailed information:
Missing uuid: "fbcd478a-03a1-45d6-b295-dd3323d2b4e7"

2021-09-17 18:04:19-error: [Scene] The Asset used by component "cc.Animation" is missing. Detailed information:
Missing uuid: "fbcd478a-03a1-45d6-b295-dd3323d2b4e7"

2021-09-17 18:04:19-log: [Scene] cocos2d: TMXFormat: Unsupported TMX version: 1.5
